<?xml version="1.0" encoding="UTF-8"?>
<!-- Generated by org.testng.reporters.JUnitXMLReporter -->
<testsuite hostname="J302CW1" ignored="0" name="RapidRegRequestCreation" tests="2" failures="0" timestamp="13 Dec 2018 09:59:33 GMT" time="48.156" errors="0">
  <testcase name="validateVisitDate" time="20.41" classname="vmsScripts.FrontDeskValidations"/>
  <testcase name="validatePreviousDate" time="14.949" classname="vmsScripts.FrontDeskValidations"/>
</testsuite> <!-- RapidRegRequestCreation -->
