<?xml version="1.0" encoding="UTF-8"?>
<testng-results ignored="0" total="1" passed="0" failed="1" skipped="0">
  <reporter-output>
  </reporter-output>
  <suite started-at="2024-10-24T12:33:27Z" name="Compliance Request Regression Suite" finished-at="2024-10-24T12:37:25Z" duration-ms="238676">
    <groups>
    </groups>
    <test started-at="2024-10-24T12:33:27Z" name="RegressionTesting" finished-at="2024-10-24T12:37:25Z" duration-ms="238676">
      <class name="regressionTestingComplianceRequestScripts.AgreementRequestCreation">
        <test-method is-config="true" signature="report()[pri:0, instance:regressionTestingComplianceRequestScripts.AgreementRequestCreation@740fb309]" started-at="2024-10-24T18:03:27Z" name="report" finished-at="2024-10-24T18:03:27Z" duration-ms="16" status="PASS">
          <reporter-output>
          </reporter-output>
        </test-method> <!-- report -->
        <test-method is-config="true" signature="startSelenium(java.lang.String, java.lang.String, java.lang.String)[pri:0, instance:regressionTestingComplianceRequestScripts.AgreementRequestCreation@740fb309]" started-at="2024-10-24T18:03:27Z" name="startSelenium" finished-at="2024-10-24T18:03:41Z" duration-ms="13990" status="PASS">
          <params>
            <param index="0">
              <value>
                <![CDATA[chrome]]>
              </value>
            </param>
            <param index="1">
              <value>
                <![CDATA[https://easetest.ocr-inc.com]]>
              </value>
            </param>
            <param index="2">
              <value>
                <![CDATA[RegressionTestingComplianceRequest.xlsx]]>
              </value>
            </param>
          </params>
          <reporter-output>
          </reporter-output>
        </test-method> <!-- startSelenium -->
        <test-method is-config="true" signature="astarttest(java.lang.reflect.Method)[pri:0, instance:regressionTestingComplianceRequestScripts.AgreementRequestCreation@740fb309]" started-at="2024-10-24T18:03:41Z" name="astarttest" finished-at="2024-10-24T18:03:41Z" duration-ms="0" status="PASS">
          <params>
            <param index="0">
              <value>
                <![CDATA[public void regressionTestingComplianceRequestScripts.AgreementRequestCreation.AgreementReq(java.lang.String,java.lang.String,java.lang.String,java.lang.String,java.lang.String,java.lang.String,java.lang.String,java.lang.String,java.lang.String,java.lang.String,java.lang.String,java.lang.String,java.lang.String,java.lang.String,java.lang.String,java.lang.String,java.lang.String,java.lang.String,java.lang.String,java.lang.String,java.lang.String,java.lang.String,java.lang.String,java.lang.String,java.lang.String,java.lang.String,java.lang.String,java.lang.String,java.lang.String,java.lang.String,java.lang.String,java.lang.String,java.lang.String,java.lang.String,java.lang.String,java.lang.String,java.lang.String,java.lang.String,java.lang.String,java.lang.String,java.lang.String,java.lang.String,java.lang.String,java.lang.String,java.lang.String,java.lang.String,java.lang.String,java.lang.String,java.lang.String,java.lang.String,java.lang.String,java.lang.String,java.lang.String,java.lang.String,java.lang.String,java.lang.String) throws java.lang.Exception]]>
              </value>
            </param>
          </params>
          <reporter-output>
          </reporter-output>
        </test-method> <!-- astarttest -->
        <test-method signature="AgreementReq(java.lang.String, java.lang.String, java.lang.String, java.lang.String, java.lang.String, java.lang.String, java.lang.String, java.lang.String, java.lang.String, java.lang.String, java.lang.String, java.lang.String, java.lang.String, java.lang.String, java.lang.String, java.lang.String, java.lang.String, java.lang.String, java.lang.String, java.lang.String, java.lang.String, java.lang.String, java.lang.String, java.lang.String, java.lang.String, java.lang.String, java.lang.String, java.lang.String, java.lang.String, java.lang.String, java.lang.String, java.lang.String, java.lang.String, java.lang.String, java.lang.String, java.lang.String, java.lang.String, java.lang.String, java.lang.String, java.lang.String, java.lang.String, java.lang.String, java.lang.String, java.lang.String, java.lang.String, java.lang.String, java.lang.String, java.lang.String, java.lang.String, java.lang.String, java.lang.String, java.lang.String, java.lang.String, java.lang.String, java.lang.String, java.lang.String)[pri:0, instance:regressionTestingComplianceRequestScripts.AgreementRequestCreation@740fb309]" started-at="2024-10-24T18:03:41Z" name="AgreementReq" data-provider="getData" finished-at="2024-10-24T18:07:25Z" duration-ms="223852" status="FAIL">
          <params>
            <param index="0">
              <value>
                <![CDATA[Agreement Request Creation with Current Agreement]]>
              </value>
            </param>
            <param index="1">
              <value>
                <![CDATA[y]]>
              </value>
            </param>
            <param index="2">
              <value>
                <![CDATA[]]>
              </value>
            </param>
            <param index="3">
              <value>
                <![CDATA[SeleniumTest]]>
              </value>
            </param>
            <param index="4">
              <value>
                <![CDATA[Today]]>
              </value>
            </param>
            <param index="5">
              <value>
                <![CDATA[Saddam]]>
              </value>
            </param>
            <param index="6">
              <value>
                <![CDATA[saddam.nadaf@gmail.com]]>
              </value>
            </param>
            <param index="7">
              <value>
                <![CDATA[9876543210]]>
              </value>
            </param>
            <param index="8">
              <value>
                <![CDATA[123]]>
              </value>
            </param>
            <param index="9">
              <value>
                <![CDATA[]]>
              </value>
            </param>
            <param index="10">
              <value>
                <![CDATA[Saddam]]>
              </value>
            </param>
            <param index="11">
              <value>
                <![CDATA[saddam.nadaf@gmail.com]]>
              </value>
            </param>
            <param index="12">
              <value>
                <![CDATA[9876543210]]>
              </value>
            </param>
            <param index="13">
              <value>
                <![CDATA[123]]>
              </value>
            </param>
            <param index="14">
              <value>
                <![CDATA[Saddam]]>
              </value>
            </param>
            <param index="15">
              <value>
                <![CDATA[saddam.nadaf@gmail.com]]>
              </value>
            </param>
            <param index="16">
              <value>
                <![CDATA[9876543210]]>
              </value>
            </param>
            <param index="17">
              <value>
                <![CDATA[123]]>
              </value>
            </param>
            <param index="18">
              <value>
                <![CDATA[]]>
              </value>
            </param>
            <param index="19">
              <value>
                <![CDATA[Yes]]>
              </value>
            </param>
            <param index="20">
              <value>
                <![CDATA[3456]]>
              </value>
            </param>
            <param index="21">
              <value>
                <![CDATA[MLA Sourcing]]>
              </value>
            </param>
            <param index="22">
              <value>
                <![CDATA[test]]>
              </value>
            </param>
            <param index="23">
              <value>
                <![CDATA[CAD]]>
              </value>
            </param>
            <param index="24">
              <value>
                <![CDATA[1Q]]>
              </value>
            </param>
            <param index="25">
              <value>
                <![CDATA[1045]]>
              </value>
            </param>
            <param index="26">
              <value>
                <![CDATA[001]]>
              </value>
            </param>
            <param index="27">
              <value>
                <![CDATA[L901]]>
              </value>
            </param>
            <param index="28">
              <value>
                <![CDATA[021]]>
              </value>
            </param>
            <param index="29">
              <value>
                <![CDATA[232333]]>
              </value>
            </param>
            <param index="30">
              <value>
                <![CDATA[333333]]>
              </value>
            </param>
            <param index="31">
              <value>
                <![CDATA[33333]]>
              </value>
            </param>
            <param index="32">
              <value>
                <![CDATA[]]>
              </value>
            </param>
            <param index="33">
              <value>
                <![CDATA[test data]]>
              </value>
            </param>
            <param index="34">
              <value>
                <![CDATA[test data]]>
              </value>
            </param>
            <param index="35">
              <value>
                <![CDATA[test data]]>
              </value>
            </param>
            <param index="36">
              <value>
                <![CDATA[test data]]>
              </value>
            </param>
            <param index="37">
              <value>
                <![CDATA[test data]]>
              </value>
            </param>
            <param index="38">
              <value>
                <![CDATA[test data]]>
              </value>
            </param>
            <param index="39">
              <value>
                <![CDATA[test data]]>
              </value>
            </param>
            <param index="40">
              <value>
                <![CDATA[I(a)]]>
              </value>
            </param>
            <param index="41">
              <value>
                <![CDATA[UNITED STATES]]>
              </value>
            </param>
            <param index="42">
              <value>
                <![CDATA[0000139411124]]>
              </value>
            </param>
            <param index="43">
              <value>
                <![CDATA[Third Country/Dual National]]>
              </value>
            </param>
            <param index="44">
              <value>
                <![CDATA[UNITED KINGDOM]]>
              </value>
            </param>
            <param index="45">
              <value>
                <![CDATA[RL-MFCR]]>
              </value>
            </param>
            <param index="46">
              <value>
                <![CDATA[Cover Letter]]>
              </value>
            </param>
            <param index="47">
              <value>
                <![CDATA[test]]>
              </value>
            </param>
            <param index="48">
              <value>
                <![CDATA[Capture.PNG]]>
              </value>
            </param>
            <param index="49">
              <value>
                <![CDATA[test]]>
              </value>
            </param>
            <param index="50">
              <value>
                <![CDATA[Nadaf saddam]]>
              </value>
            </param>
            <param index="51">
              <value>
                <![CDATA[Approved ]]>
              </value>
            </param>
            <param index="52">
              <value>
                <![CDATA[Approved under Current Agreement]]>
              </value>
            </param>
            <param index="53">
              <value>
                <![CDATA[9876543210]]>
              </value>
            </param>
            <param index="54">
              <value>
                <![CDATA[Agreement]]>
              </value>
            </param>
            <param index="55">
              <value>
                <![CDATA[SETES - US]]>
              </value>
            </param>
          </params>
          <exception class="org.openqa.selenium.NoSuchWindowException">
            <message>
              <![CDATA[no such window: target window already closed
from unknown error: web view not found
  (Session info: chrome=130.0.6723.59)
Build info: version: '3.11.0', revision: 'e59cfb3', time: '2018-03-11T20:26:55.152Z'
System info: host: 'DSGW-IN-5CD2090', ip: '192.168.2.149', os.name: 'Windows 11', os.arch: 'amd64', os.version: '10.0', java.version: '17.0.12'
Driver info: org.openqa.selenium.chrome.ChromeDriver
Capabilities {acceptInsecureCerts: false, browserName: chrome, browserVersion: 130.0.6723.59, chrome: {chromedriverVersion: 129.0.6668.89 (951c0b97221f..., userDataDir: C:\Users\snadaf\AppData\Loc...}, fedcm:accounts: true, goog:chromeOptions: {debuggerAddress: localhost:50923}, javascriptEnabled: true, networkConnectionEnabled: false, pageLoadStrategy: normal, platform: WINDOWS, platformName: WINDOWS, proxy: Proxy(), setWindowRect: true, strictFileInteractability: false, timeouts: {implicit: 0, pageLoad: 300000, script: 30000}, unhandledPromptBehavior: dismiss and notify, webauthn:extension:credBlob: true, webauthn:extension:largeBlob: true, webauthn:extension:minPinLength: true, webauthn:extension:prf: true, webauthn:virtualAuthenticators: true}
Session ID: 91bc17315bdd4dd91f8e977af02645bd]]>
            </message>
            <full-stacktrace>
              <![CDATA[org.openqa.selenium.NoSuchWindowException: no such window: target window already closed
from unknown error: web view not found
  (Session info: chrome=130.0.6723.59)
Build info: version: '3.11.0', revision: 'e59cfb3', time: '2018-03-11T20:26:55.152Z'
System info: host: 'DSGW-IN-5CD2090', ip: '192.168.2.149', os.name: 'Windows 11', os.arch: 'amd64', os.version: '10.0', java.version: '17.0.12'
Driver info: org.openqa.selenium.chrome.ChromeDriver
Capabilities {acceptInsecureCerts: false, browserName: chrome, browserVersion: 130.0.6723.59, chrome: {chromedriverVersion: 129.0.6668.89 (951c0b97221f..., userDataDir: C:\Users\snadaf\AppData\Loc...}, fedcm:accounts: true, goog:chromeOptions: {debuggerAddress: localhost:50923}, javascriptEnabled: true, networkConnectionEnabled: false, pageLoadStrategy: normal, platform: WINDOWS, platformName: WINDOWS, proxy: Proxy(), setWindowRect: true, strictFileInteractability: false, timeouts: {implicit: 0, pageLoad: 300000, script: 30000}, unhandledPromptBehavior: dismiss and notify, webauthn:extension:credBlob: true, webauthn:extension:largeBlob: true, webauthn:extension:minPinLength: true, webauthn:extension:prf: true, webauthn:virtualAuthenticators: true}
Session ID: 91bc17315bdd4dd91f8e977af02645bd
	at java.base/jdk.internal.reflect.NativeConstructorAccessorImpl.newInstance0(Native Method)
	at java.base/jdk.internal.reflect.NativeConstructorAccessorImpl.newInstance(NativeConstructorAccessorImpl.java:77)
	at java.base/jdk.internal.reflect.DelegatingConstructorAccessorImpl.newInstance(DelegatingConstructorAccessorImpl.java:45)
	at java.base/java.lang.reflect.Constructor.newInstanceWithCaller(Constructor.java:499)
	at java.base/java.lang.reflect.Constructor.newInstance(Constructor.java:480)
	at org.openqa.selenium.remote.http.W3CHttpResponseCodec.createException(W3CHttpResponseCodec.java:187)
	at org.openqa.selenium.remote.http.W3CHttpResponseCodec.decode(W3CHttpResponseCodec.java:122)
	at org.openqa.selenium.remote.http.W3CHttpResponseCodec.decode(W3CHttpResponseCodec.java:49)
	at org.openqa.selenium.remote.HttpCommandExecutor.execute(HttpCommandExecutor.java:158)
	at org.openqa.selenium.remote.service.DriverCommandExecutor.execute(DriverCommandExecutor.java:83)
	at org.openqa.selenium.remote.RemoteWebDriver.execute(RemoteWebDriver.java:545)
	at org.openqa.selenium.remote.RemoteWebDriver.execute(RemoteWebDriver.java:602)
	at org.openqa.selenium.remote.RemoteWebDriver.getScreenshotAs(RemoteWebDriver.java:291)
	at utilities.Wait.capture(Wait.java:105)
	at initializer.SeleniumTestBase.testFail(SeleniumTestBase.java:231)
	at regressionTestingComplianceRequestScripts.AgreementRequestCreation.AgreementReq(AgreementRequestCreation.java:281)
	at java.base/jdk.internal.reflect.NativeMethodAccessorImpl.invoke0(Native Method)
	at java.base/jdk.internal.reflect.NativeMethodAccessorImpl.invoke(NativeMethodAccessorImpl.java:77)
	at java.base/jdk.internal.reflect.DelegatingMethodAccessorImpl.invoke(DelegatingMethodAccessorImpl.java:43)
	at java.base/java.lang.reflect.Method.invoke(Method.java:568)
	at org.testng.internal.MethodInvocationHelper.invokeMethod(MethodInvocationHelper.java:108)
	at org.testng.internal.Invoker.invokeMethod(Invoker.java:661)
	at org.testng.internal.Invoker.invokeTestMethod(Invoker.java:869)
	at org.testng.internal.Invoker.invokeTestMethods(Invoker.java:1193)
	at org.testng.internal.TestMethodWorker.invokeTestMethods(TestMethodWorker.java:126)
	at org.testng.internal.TestMethodWorker.run(TestMethodWorker.java:109)
	at org.testng.TestRunner.privateRun(TestRunner.java:744)
	at org.testng.TestRunner.run(TestRunner.java:602)
	at org.testng.SuiteRunner.runTest(SuiteRunner.java:380)
	at org.testng.SuiteRunner.runSequentially(SuiteRunner.java:375)
	at org.testng.SuiteRunner.privateRun(SuiteRunner.java:340)
	at org.testng.SuiteRunner.run(SuiteRunner.java:289)
	at org.testng.SuiteRunnerWorker.runSuite(SuiteRunnerWorker.java:52)
	at org.testng.SuiteRunnerWorker.run(SuiteRunnerWorker.java:86)
	at org.testng.TestNG.runSuitesSequentially(TestNG.java:1301)
	at org.testng.TestNG.runSuitesLocally(TestNG.java:1226)
	at org.testng.TestNG.runSuites(TestNG.java:1144)
	at org.testng.TestNG.run(TestNG.java:1115)
	at org.apache.maven.surefire.testng.TestNGExecutor.run(TestNGExecutor.java:295)
	at org.apache.maven.surefire.testng.TestNGXmlTestSuite.execute(TestNGXmlTestSuite.java:84)
	at org.apache.maven.surefire.testng.TestNGProvider.invoke(TestNGProvider.java:90)
	at org.apache.maven.surefire.booter.ForkedBooter.invokeProviderInSameClassLoader(ForkedBooter.java:203)
	at org.apache.maven.surefire.booter.ForkedBooter.runSuitesInProcess(ForkedBooter.java:155)
	at org.apache.maven.surefire.booter.ForkedBooter.main(ForkedBooter.java:103)
]]>
            </full-stacktrace>
          </exception> <!-- org.openqa.selenium.NoSuchWindowException -->
          <reporter-output>
          </reporter-output>
        </test-method> <!-- AgreementReq -->
        <test-method is-config="true" signature="zendtest()[pri:0, instance:regressionTestingComplianceRequestScripts.AgreementRequestCreation@740fb309]" started-at="2024-10-24T18:07:25Z" name="zendtest" finished-at="2024-10-24T18:07:25Z" duration-ms="6" status="PASS">
          <reporter-output>
          </reporter-output>
        </test-method> <!-- zendtest -->
        <test-method is-config="true" signature="close()[pri:0, instance:regressionTestingComplianceRequestScripts.AgreementRequestCreation@740fb309]" started-at="2024-10-24T18:07:25Z" name="close" finished-at="2024-10-24T18:07:25Z" duration-ms="741" status="PASS">
          <reporter-output>
          </reporter-output>
        </test-method> <!-- close -->
        <test-method is-config="true" signature="StopSelenium()[pri:0, instance:regressionTestingComplianceRequestScripts.AgreementRequestCreation@740fb309]" started-at="2024-10-24T18:07:26Z" name="StopSelenium" finished-at="2024-10-24T18:07:26Z" duration-ms="581" status="PASS">
          <reporter-output>
          </reporter-output>
        </test-method> <!-- StopSelenium -->
      </class> <!-- regressionTestingComplianceRequestScripts.AgreementRequestCreation -->
    </test> <!-- RegressionTesting -->
  </suite> <!-- Compliance Request Regression Suite -->
</testng-results>
